tokens=Traced<ShapedArray(uint8[16,256])>with<DynamicJaxprTrace(level=1/0)>
num_batches=16, seq_len=256
token_embeddings=Traced<ShapedArray(float32[16,256,9])>with<DynamicJaxprTrace(level=1/0)>, positional_embeddings=Traced<ShapedArray(float32[256,9])>with<DynamicJaxprTrace(level=1/0)>
num_batches=16 seq_len=256 embedding_size=9
causal_mask=Traced<ShapedArray(float32[1,1,256,256])>with<DynamicJaxprTrace(level=1/0)>
input_embeddings=Traced<ShapedArray(float32[16,256,9])>with<DynamicJaxprTrace(level=1/0)>, output=Traced<ShapedArray(float32[16,256,9])>with<DynamicJaxprTrace(level=1/0)>
decoded=Traced<ShapedArray(float32[16,256,256])>with<DynamicJaxprTrace(level=1/0)>
state=TrainState(step=0, apply_fn=<bound method Module.apply of AutoregressiveTransformerModel(
    # attributes
    transformer = Transformer(
        # attributes
        num_attention_heads = 3
        num_layers = 2
        attention_size_per_head = 4
        dropout_rate = 0.1
        is_training = False
        widening_factor = 4
    )
    embed_dim = 9
    vocab_size = 256
    is_training = False
)>, params={'dense__decode_transformer_output': {'bias': Array([0., 0., 0., 0., 0., 0., 0., 0., 0., 0., 0., 0., 0., 0., 0., 0., 0.,
       0., 0., 0., 0., 0., 0., 0., 0., 0., 0., 0., 0., 0., 0., 0., 0., 0.,
       0., 0., 0., 0., 0., 0., 0., 0., 0., 0., 0., 0., 0., 0., 0., 0., 0.,
       0., 0., 0., 0., 0., 0., 0., 0., 0., 0., 0., 0., 0., 0., 0., 0., 0.,
       0., 0., 0., 0., 0., 0., 0., 0., 0., 0., 0., 0., 0., 0., 0., 0., 0.,
       0., 0., 0., 0., 0., 0., 0., 0., 0., 0., 0., 0., 0., 0., 0., 0., 0.,
       0., 0., 0., 0., 0., 0., 0., 0., 0., 0., 0., 0., 0., 0., 0., 0., 0.,
       0., 0., 0., 0., 0., 0., 0., 0., 0., 0., 0., 0., 0., 0., 0., 0., 0.,
       0., 0., 0., 0., 0., 0., 0., 0., 0., 0., 0., 0., 0., 0., 0., 0., 0.,
       0., 0., 0., 0., 0., 0., 0., 0., 0., 0., 0., 0., 0., 0., 0., 0., 0.,
       0., 0., 0., 0., 0., 0., 0., 0., 0., 0., 0., 0., 0., 0., 0., 0., 0.,
       0., 0., 0., 0., 0., 0., 0., 0., 0., 0., 0., 0., 0., 0., 0., 0., 0.,
       0., 0., 0., 0., 0., 0., 0., 0., 0., 0., 0., 0., 0., 0., 0., 0., 0.,
       0., 0., 0., 0., 0., 0., 0., 0., 0., 0., 0., 0., 0., 0., 0., 0., 0.,
       0., 0., 0., 0., 0., 0., 0., 0., 0., 0., 0., 0., 0., 0., 0., 0., 0.,
       0.], dtype=float32), 'kernel': Array([[-0.19727378, -0.141852  , -0.16893128, ..., -0.31686985,
         0.03991355, -0.32204565],
       [-0.02960023,  0.2993586 ,  0.2586336 , ...,  0.00315346,
        -0.12484989, -0.3000315 ],
       [-0.07342706,  0.35937518, -0.35837832, ..., -0.719556  ,
        -0.08079583, -0.17495733],
       ...,
       [ 0.5787845 , -0.02704018, -0.02667416, ...,  0.53084934,
         0.26738334,  0.1288452 ],
       [ 0.03186347,  0.5071971 ,  0.53186756, ..., -0.5800769 ,
        -0.25219125, -0.07819362],
       [ 0.09407767, -0.36761844,  0.2842164 , ..., -0.38366485,
         0.06258532, -0.7151907 ]], dtype=float32)}, 'embed__model_tokens_input': {'embedding': Array([[ 1.9463710e-02, -8.2977451e-03, -3.1228405e-03, ...,
        -2.1758813e-02, -5.5082515e-03,  5.2195424e-03],
       [-2.7132282e-02, -3.7504591e-03,  1.0294385e-03, ...,
         2.9531976e-03,  2.7829667e-03,  2.6234176e-02],
       [ 3.6534484e-02, -1.4466108e-02, -4.3516853e-03, ...,
         3.7211862e-03,  2.7645826e-02,  1.2481108e-05],
       ...,
       [ 2.4592748e-02,  2.6311912e-02, -1.1409926e-02, ...,
         2.4530636e-02, -1.2830453e-03,  3.4715038e-02],
       [-1.3333783e-02,  8.5281311e-03, -2.4158267e-02, ...,
         6.1073727e-03, -1.4836377e-02,  3.2031862e-03],
       [ 6.2454948e-03, -3.3105765e-03, -6.2757186e-03, ...,
         7.6920413e-03, -1.7804597e-02,  1.8119015e-02]], dtype=float32)}, 'positional_embeddings': Array([[-0.00139677,  0.00083328,  0.00690117, ...,  0.0246834 ,
         0.02589058, -0.01819337],
       [ 0.03734578, -0.01133093, -0.02401833, ...,  0.01403181,
         0.00817321, -0.01810489],
       [ 0.01638465, -0.01286218,  0.00418403, ..., -0.0205264 ,
        -0.01221635,  0.00854476],
       ...,
       [ 0.01249716,  0.02356328, -0.00305279, ..., -0.01645495,
         0.01825868,  0.01987466],
       [-0.01109092, -0.00768874, -0.01789468, ...,  0.00377511,
         0.03692827, -0.01160214],
       [-0.00107664, -0.01088758,  0.01349596, ..., -0.01622498,
         0.02698645,  0.02160602]], dtype=float32), 'transformer': {'Dense_0': {'bias': Array([0., 0., 0., 0., 0., 0., 0., 0., 0., 0., 0., 0., 0., 0., 0., 0., 0.,
       0., 0., 0., 0., 0., 0., 0., 0., 0., 0., 0., 0., 0., 0., 0., 0., 0.,
       0., 0.], dtype=float32), 'kernel': Array([[-0.1844464 ,  0.02877875,  0.16311918, -0.48446393,  0.5738012 ,
        -0.6929752 ,  0.11475292,  0.3325782 , -0.20326443,  0.08481871,
        -0.08991124, -0.09008878,  0.23407546,  0.11703278,  0.11079092,
         0.50454897,  0.49698046, -0.06440299, -0.01299334,  0.18407865,
        -0.7120854 ,  0.18671958,  0.00703249, -0.37170368, -0.32040945,
        -0.02658476, -0.14375292,  0.08108521, -0.04833307, -0.2576166 ,
        -0.4495654 , -0.6745482 , -0.12777866,  0.33208716,  0.3775033 ,
         0.3261556 ],
       [ 0.09571943, -0.2576125 , -0.10205222,  0.10840498,  0.21357256,
         0.13931185, -0.66403866,  0.07289345, -0.26852396,  0.22465488,
         0.0705235 ,  0.13113108, -0.01538398,  0.22979227,  0.0119354 ,
        -0.40387785, -0.3276758 , -0.07616885, -0.25896698,  0.26705518,
        -0.75437075, -0.3838475 , -0.05489819,  0.12367254,  0.46427262,
        -0.5303764 , -0.08058433,  0.18496527,  0.44582415,  0.05177526,
        -0.7324654 ,  0.04777043,  0.03438678,  0.09140383,  0.2692074 ,
         0.0100944 ],
       [ 0.00999688,  0.23002042,  0.19066568, -0.19808678, -0.07828715,
         0.5760617 , -0.3196963 ,  0.73785186,  0.21833634,  0.5891521 ,
         0.17261566, -0.31463546,  0.11601464, -0.10767677,  0.4325094 ,
        -0.11742451,  0.29711843, -0.67666286,  0.36814514,  0.24780566,
         0.40775028,  0.03600992,  0.17368942, -0.4898391 , -0.10516317,
         0.40519324, -0.02859752,  0.11695455, -0.10343736, -0.2850876 ,
         0.3927691 ,  0.5419909 , -0.11499587, -0.16650999,  0.17218235,
        -0.6561108 ],
       [ 0.16024864, -0.13265124, -0.23388167,  0.09579221,  0.19236912,
        -0.120435  ,  0.2929878 ,  0.04269413,  0.20767352, -0.12719843,
        -0.29993507, -0.0084171 , -0.18166631, -0.22475563, -0.5614391 ,
        -0.6545584 , -0.24006873,  0.1348278 ,  0.32115087, -0.49729708,
        -0.05718677, -0.3292034 ,  0.60618967, -0.706346  , -0.23696198,
        -0.15656514,  0.11280873, -0.26488543, -0.31123322,  0.05481617,
         0.15707509, -0.7140098 ,  0.0461271 ,  0.3179391 , -0.41774115,
        -0.11526763],
       [-0.6085131 , -0.4146211 , -0.55522585, -0.06563487, -0.51093656,
         0.0345397 ,  0.2479359 , -0.20015536, -0.09191877,  0.65263826,
        -0.38105953,  0.24080114,  0.34873402,  0.43942976,  0.6501921 ,
        -0.16401237,  0.07123073,  0.33639356, -0.24403904, -0.67239106,
         0.13607451,  0.4032947 , -0.09218303, -0.42182314, -0.11488609,
        -0.36604622, -0.27443606, -0.03306467,  0.5208099 , -0.14594014,
        -0.03985138,  0.10951091,  0.4985699 ,  0.38910055, -0.3929496 ,
         0.09947092],
       [-0.63741803, -0.6177607 ,  0.26327816, -0.05259994, -0.08689129,
         0.24631956, -0.3262595 , -0.26452124, -0.30883223, -0.48579064,
         0.3701602 ,  0.24629071, -0.06030603, -0.09641969,  0.2686097 ,
         0.40207183, -0.6573247 ,  0.1101613 ,  0.0021648 , -0.4906592 ,
         0.09750969,  0.44575006, -0.0341058 , -0.19338767, -0.27127072,
         0.4683744 , -0.07326397, -0.06053623, -0.51433074,  0.3836405 ,
        -0.3261399 , -0.17028952,  0.08545828,  0.22697525,  0.09037033,
         0.23666003],
       [-0.10655898, -0.3917139 , -0.10931754,  0.32869   , -0.17204179,
         0.47263375,  0.05717814,  0.04163725, -0.31805852, -0.10317028,
        -0.10264343,  0.0254184 ,  0.6688357 ,  0.4202401 ,  0.63754255,
         0.5486724 ,  0.09805366,  0.04521476,  0.22690077, -0.75215346,
         0.06282835, -0.12055437, -0.43099162, -0.26795968,  0.6607592 ,
        -0.27044898,  0.7367798 ,  0.24570309,  0.05206198,  0.2280442 ,
        -0.3367173 ,  0.09982795,  0.49181187, -0.0367485 ,  0.15197878,
         0.11505528],
       [ 0.54532194,  0.11737926, -0.6834445 ,  0.22045633, -0.3450072 ,
         0.06269632, -0.0689035 , -0.33925402,  0.33121338,  0.00535893,
        -0.4027007 ,  0.13771449, -0.31689423, -0.02533998,  0.5087605 ,
         0.06931835, -0.01997495,  0.57857215,  0.13252723,  0.05732474,
        -0.10611716, -0.15599982, -0.25480667,  0.11310601,  0.09744221,
        -0.36138704, -0.6602104 ,  0.35399547, -0.48319095, -0.3477863 ,
         0.11943319, -0.3418495 , -0.04343472,  0.45176083,  0.38101724,
        -0.05688955],
       [-0.32984322,  0.2527001 , -0.27350378,  0.2348055 , -0.5375942 ,
        -0.1382373 , -0.30488136, -0.10821334,  0.02310696, -0.01146674,
         0.36940038,  0.5420522 , -0.24373895,  0.17974474,  0.6889865 ,
        -0.03799186, -0.00906274,  0.37552604,  0.22981824,  0.20628959,
         0.1622958 , -0.21583265,  0.09322732, -0.05516263, -0.08785371,
         0.16806637, -0.02092628, -0.03741738,  0.19058324,  0.14658742,
        -0.19651337,  0.01133601, -0.42612752, -0.19887488,  0.07627627,
        -0.25203294]], dtype=float32)}, 'Dense_1': {'bias': Array([0., 0., 0., 0., 0., 0., 0., 0., 0.], dtype=float32), 'kernel': Array([[-0.09132311, -0.20339516,  0.22122929, -0.0105171 ,  0.07533962,
         0.16719475, -0.07914503,  0.34699455, -0.04037442],
       [-0.1872822 ,  0.2255067 , -0.1444546 , -0.1923798 , -0.15264654,
         0.18158446,  0.1996928 , -0.10628396,  0.00548959],
       [-0.01420809, -0.18006413, -0.04442047,  0.08480348, -0.0400372 ,
        -0.12893935,  0.22862388, -0.00054004, -0.01346445],
       [ 0.10973033,  0.36075118, -0.20947063,  0.11319885, -0.04065231,
         0.27501452,  0.10881439, -0.24473277, -0.12474281],
       [ 0.03236133,  0.07557023, -0.12233579,  0.02865259, -0.0037398 ,
        -0.12618688,  0.27094236, -0.14077897,  0.14466476],
       [-0.14468971,  0.20243254,  0.09345076, -0.19233684,  0.32361183,
         0.2527448 ,  0.20574115,  0.3365179 ,  0.08712568],
       [ 0.07231754, -0.05349322, -0.12821004, -0.05929932,  0.01304433,
        -0.03176614, -0.03319257, -0.00848117, -0.17851545],
       [-0.3719868 ,  0.10827002, -0.05412283,  0.08671154,  0.08067004,
         0.21081029,  0.02530213, -0.02943593,  0.20229566],
       [ 0.25898972,  0.31002393,  0.12871735, -0.0500631 , -0.006493  ,
        -0.08479923,  0.14008673, -0.16003823, -0.13837993],
       [-0.17421149, -0.188715  ,  0.25357434, -0.27605602, -0.07522646,
        -0.3050556 , -0.34015086, -0.26645416,  0.04407654],
       [ 0.25204235, -0.12813653, -0.19369425, -0.10782811,  0.03237849,
         0.19493306, -0.2899551 ,  0.05413797, -0.16255823],
       [-0.04313362,  0.08796611, -0.27734116,  0.04594386,  0.01376439,
        -0.14442423, -0.2845146 ,  0.11203785,  0.04758639],
       [-0.17583442, -0.21092142,  0.00662288, -0.11427855,  0.05904874,
         0.23165812,  0.11082723,  0.28117627, -0.06901579],
       [ 0.21099564,  0.03887321,  0.1191392 ,  0.08239045, -0.08556996,
         0.03271447,  0.26653695,  0.10673358,  0.27385795],
       [ 0.04828817,  0.24866886, -0.1539694 , -0.08309837, -0.24109097,
        -0.10679509, -0.09959853, -0.19080162,  0.04196157],
       [ 0.00588914, -0.26005358,  0.2551176 , -0.09382134,  0.05351189,
        -0.0820742 , -0.11366899, -0.11909791,  0.12385109],
       [-0.11923648,  0.06057263,  0.00119384,  0.00857762,  0.17025425,
         0.0817917 , -0.03087315,  0.05301367, -0.09887548],
       [ 0.16572043, -0.04937946, -0.01473155,  0.14930917,  0.23858184,
         0.02343011, -0.25647777, -0.0079521 ,  0.05339127],
       [-0.03106155,  0.0434674 ,  0.31052187, -0.18543307,  0.0426823 ,
        -0.02713042, -0.1756231 ,  0.07258847,  0.3179512 ],
       [ 0.07144387, -0.13994376,  0.2586537 ,  0.1572079 ,  0.10410652,
        -0.15798654,  0.23287636,  0.07791586, -0.2620188 ],
       [ 0.07747112, -0.30642644,  0.12356111, -0.09811045, -0.13127711,
         0.0667525 , -0.1058832 ,  0.04744217,  0.08313221],
       [-0.06746859,  0.37862653,  0.1791279 ,  0.061598  ,  0.28256387,
        -0.01812478,  0.1943305 , -0.3187052 , -0.07518389],
       [ 0.06861409,  0.12582734, -0.09585784,  0.26249215, -0.28719723,
        -0.14819098,  0.13519025,  0.2750157 ,  0.2072976 ],
       [-0.19513455, -0.08131462,  0.27694392, -0.01978756,  0.34457147,
         0.09511141, -0.28249744,  0.0502441 , -0.0171758 ],
       [-0.05486421, -0.00307115, -0.26149076,  0.2521192 , -0.05709069,
         0.1971768 ,  0.24349876, -0.25579897, -0.13071989],
       [ 0.30664062,  0.230424  ,  0.21610455, -0.13910963, -0.09979298,
        -0.16012749,  0.16051894,  0.11175264,  0.23826934],
       [ 0.10479514, -0.11774389, -0.10767768, -0.20290308, -0.12483329,
         0.05582341,  0.20639686, -0.05151055,  0.30223063],
       [ 0.12715733, -0.09141569, -0.33284447,  0.00543547,  0.00569817,
         0.14517376,  0.00945431, -0.03979387, -0.12607221],
       [ 0.17534256, -0.11299059, -0.14928484, -0.10684577, -0.18811388,
         0.1336228 , -0.02797549,  0.14008446, -0.01351082],
       [-0.05694209, -0.27644435,  0.2045952 ,  0.02031324,  0.11928254,
         0.10084967,  0.04080528, -0.267055  ,  0.00096697],
       [-0.09781915,  0.15510912,  0.09501097,  0.13178472, -0.17992045,
        -0.30853212, -0.02752271, -0.23951837, -0.24784663],
       [ 0.3244272 , -0.21681401, -0.16281542, -0.07884658,  0.24153827,
         0.00490286,  0.2648017 , -0.21814065, -0.25840172],
       [-0.15732287,  0.36137384,  0.2609071 ,  0.0754469 , -0.10522827,
         0.01664984, -0.17515622, -0.3788509 ,  0.23606347],
       [ 0.24098088,  0.05162653, -0.06609078,  0.03059022, -0.1825609 ,
         0.03433973,  0.27589104, -0.04449235, -0.1276352 ],
       [ 0.10417534, -0.32068095,  0.13522226, -0.03549854,  0.05276987,
         0.01834498,  0.1247134 , -0.1086432 , -0.04367004],
       [ 0.06499082, -0.02741398, -0.06627534, -0.298587  , -0.02369795,
        -0.03083038, -0.0378233 ,  0.03481465,  0.05734624]],      dtype=float32)}, 'Dense_2': {'bias': Array([0., 0., 0., 0., 0., 0., 0., 0., 0., 0., 0., 0., 0., 0., 0., 0., 0.,
       0., 0., 0., 0., 0., 0., 0., 0., 0., 0., 0., 0., 0., 0., 0., 0., 0.,
       0., 0.], dtype=float32), 'kernel': Array([[ 0.46094248, -0.09324224,  0.0097296 , -0.30162787,  0.194365  ,
         0.6326608 , -0.7321417 , -0.11820459,  0.23725314,  0.05752154,
        -0.7356861 , -0.34109432,  0.3718803 ,  0.3159455 ,  0.36449412,
        -0.02356036, -0.20613168,  0.5292848 ,  0.48407638,  0.503699  ,
        -0.0889507 ,  0.12916061,  0.00102884, -0.5263634 ,  0.4756788 ,
         0.10750338, -0.57103115, -0.08611607,  0.608605  ,  0.50924104,
         0.41798952, -0.32413337, -0.26869282,  0.31874397, -0.28651044,
         0.06647119],
       [-0.19399413, -0.160114  , -0.22971445,  0.2579644 , -0.01859814,
        -0.63179404, -0.0083438 , -0.02267157, -0.45285338, -0.29462993,
         0.14097968, -0.43433502,  0.3670199 , -0.47512352,  0.23399974,
         0.40817225,  0.0935346 , -0.4207124 , -0.01209328,  0.4582914 ,
         0.0611891 ,  0.19554187, -0.38178793, -0.2554965 ,  0.15930158,
         0.16894045, -0.45532855, -0.61077815, -0.04789212, -0.3303107 ,
         0.26475847, -0.01066107,  0.07634058,  0.632317  ,  0.36595845,
        -0.21018901],
       [-0.28248265, -0.06324348, -0.440704  , -0.60552347, -0.4742959 ,
        -0.17150195,  0.08388194, -0.36350152, -0.17396644, -0.05464459,
        -0.02959514,  0.0129622 , -0.01518635,  0.46986043,  0.27546757,
         0.07739643,  0.00960148, -0.27097443,  0.14152119, -0.1517464 ,
         0.22357206,  0.32058042, -0.4315342 , -0.3398206 ,  0.10686599,
         0.5329902 , -0.1577587 ,  0.09049776,  0.31818014,  0.24632049,
        -0.3165365 ,  0.19316587,  0.6059447 ,  0.19506307,  0.02583894,
        -0.1848708 ],
       [-0.22075877,  0.16143274, -0.04050375,  0.15687218,  0.2169131 ,
        -0.27587593,  0.3877641 , -0.08898049, -0.41134557,  0.5312336 ,
         0.3444595 ,  0.32203448,  0.17754404,  0.1376138 , -0.40082666,
         0.04311488,  0.47684458,  0.05684692, -0.4087751 , -0.22458634,
         0.21514887, -0.34779572,  0.2867292 , -0.4691275 , -0.17792639,
         0.24493045, -0.21919267,  0.6879467 ,  0.09169816,  0.4315815 ,
        -0.5092624 , -0.07752214, -0.17014535,  0.23444037,  0.201663  ,
        -0.73976207],
       [-0.48688304, -0.279481  , -0.0310161 , -0.23744394,  0.1959219 ,
         0.70840055, -0.28237432, -0.1430152 ,  0.33097208, -0.50751966,
         0.46597958, -0.10702311,  0.6438866 ,  0.38128123, -0.09023232,
         0.07189783, -0.1887508 , -0.18067747,  0.25481725,  0.42638877,
         0.01460971,  0.2681021 , -0.24575603, -0.22605167, -0.28541777,
        -0.0142888 , -0.09996593,  0.20009832,  0.13897909,  0.4103099 ,
        -0.4178835 , -0.44167358, -0.13585873, -0.4210781 , -0.5796134 ,
         0.56819135],
       [ 0.46793696,  0.4996426 ,  0.03199189, -0.4270665 , -0.39221245,
        -0.38352865,  0.4609282 , -0.11760686,  0.11456463,  0.6082739 ,
        -0.37736627, -0.00518327,  0.32580557,  0.16762404, -0.05278841,
        -0.28758788,  0.01136575,  0.06102485, -0.49966532,  0.01675083,
        -0.06201302, -0.05631794,  0.24644905,  0.04105665,  0.0251373 ,
        -0.07218286,  0.27083504,  0.13991392,  0.32964087,  0.01795343,
         0.6745281 , -0.01640864, -0.4224274 , -0.071551  ,  0.23490192,
        -0.42147693],
       [ 0.02418784, -0.6562206 , -0.5009184 , -0.48771417,  0.05742073,
         0.20049043, -0.0750761 , -0.07545267,  0.273978  , -0.13740683,
        -0.42563716, -0.2874757 , -0.4275437 , -0.04979695,  0.13429295,
        -0.5843711 , -0.01820404,  0.4379612 , -0.25741893, -0.10710826,
         0.18528092, -0.03728748,  0.49065042,  0.36531326,  0.08373941,
         0.1723289 , -0.44632354, -0.3487205 ,  0.2706548 , -0.26542485,
         0.3173182 ,  0.10212328, -0.0743797 , -0.11781342,  0.14434832,
        -0.4660528 ],
       [-0.11057797, -0.12588719,  0.04469709,  0.52981514,  0.03751274,
         0.43130848, -0.20299889,  0.15697521, -0.2770097 , -0.04616609,
         0.29928282, -0.52650183,  0.45516932,  0.29261342, -0.20315674,
        -0.38926792, -0.12778997, -0.11235351,  0.75492036,  0.19714393,
         0.60745925, -0.6403746 ,  0.58566785,  0.14809152,  0.19335455,
        -0.19441761,  0.48042554,  0.04334301, -0.09865482, -0.6466801 ,
        -0.24797684,  0.21029164, -0.49534208,  0.5152919 ,  0.1166609 ,
        -0.28009108],
       [-0.17520508, -0.31999865,  0.49612913,  0.31384596,  0.05975812,
         0.40376243, -0.5751265 , -0.0253377 , -0.40392604,  0.70094264,
        -0.42453405,  0.2504583 ,  0.3228516 , -0.45232046,  0.4582344 ,
        -0.21460192,  0.488748  ,  0.17235456,  0.25170967,  0.22081193,
        -0.42573622, -0.2702644 ,  0.28687122,  0.4479018 , -0.57830536,
         0.6852507 , -0.11905502, -0.03167062,  0.03820945,  0.15940808,
        -0.5879949 , -0.5821501 , -0.36816674, -0.10473326,  0.17022769,
        -0.29255897]], dtype=float32)}, 'Dense_3': {'bias': Array([0., 0., 0., 0., 0., 0., 0., 0., 0.], dtype=float32), 'kernel': Array([[-0.31597057,  0.09938349,  0.11127372,  0.02163854, -0.10545079,
        -0.0220317 , -0.08911279,  0.24644941,  0.09896867],
       [-0.13412115, -0.0600703 , -0.37314424,  0.3178942 , -0.24984543,
        -0.01599893,  0.01273709,  0.2882153 ,  0.08067578],
       [ 0.03177485,  0.06921386,  0.10137976, -0.00115984, -0.16939615,
        -0.16834092,  0.16004263,  0.06880178,  0.30552545],
       [ 0.00259877, -0.23248076, -0.13467646,  0.06226305,  0.02758372,
        -0.02125086,  0.17225543, -0.04090153,  0.09777611],
       [-0.03311668,  0.06391473,  0.06025797, -0.28593743,  0.08170557,
         0.3736223 ,  0.23908874,  0.07099418, -0.13467695],
       [ 0.13498037, -0.13006051,  0.0568249 ,  0.07683386, -0.1883063 ,
        -0.10902357, -0.2560972 ,  0.05851134,  0.04154121],
       [-0.04434854, -0.18840809,  0.01517851, -0.08201046, -0.07240561,
        -0.11716072, -0.15800689,  0.25872505, -0.09518775],
       [-0.05017856,  0.14976248,  0.04554737,  0.15862587, -0.17211135,
         0.04851848,  0.00348084,  0.13384075, -0.22172593],
       [-0.02370585,  0.13553685, -0.07279969,  0.04149786,  0.37263122,
         0.13569975,  0.02952405,  0.31202027,  0.03259742],
       [ 0.20076147, -0.33027864,  0.1069545 , -0.2736371 ,  0.320065  ,
        -0.00735959, -0.04740838,  0.03837452, -0.06365421],
       [-0.01153664,  0.15758027, -0.02515192,  0.07078182, -0.22462636,
        -0.0431354 ,  0.13307202,  0.34521395, -0.14010845],
       [ 0.0013384 , -0.0041705 ,  0.06731931, -0.01822673,  0.17163512,
        -0.03035739, -0.14927837, -0.05263601, -0.35734963],
       [-0.15851605, -0.01817168, -0.12001184,  0.05925863, -0.05672503,
         0.3143695 , -0.02439396, -0.08713409,  0.22539735],
       [ 0.1640986 , -0.01341384, -0.3470093 ,  0.1776528 , -0.07556403,
         0.13825965,  0.0161829 ,  0.00643032,  0.16298226],
       [-0.11232312, -0.26308176, -0.012977  ,  0.13770549,  0.2250688 ,
        -0.11299337, -0.06747412,  0.00072329, -0.25914246],
       [-0.19550607,  0.02500368,  0.01388832,  0.16456081, -0.10177646,
        -0.0947192 ,  0.0720001 , -0.05575376,  0.03410671],
       [ 0.08874856, -0.17438245,  0.01039305,  0.26080924, -0.17024654,
        -0.11565384,  0.05656419,  0.16139962,  0.09556124],
       [ 0.26032564,  0.11035691, -0.00213209, -0.08706417, -0.03866538,
         0.07522015, -0.07129873,  0.18740873, -0.23352435],
       [ 0.05735444, -0.2234244 ,  0.05566918,  0.2706925 , -0.03697579,
        -0.00223742, -0.1161516 ,  0.16198741, -0.1178764 ],
       [-0.15466416, -0.08721501, -0.01312195, -0.25411272, -0.14910688,
         0.12321378, -0.08119913, -0.10949013,  0.36279914],
       [-0.18044579,  0.01047402, -0.05830133, -0.1369965 , -0.27493382,
        -0.14683807,  0.28794867,  0.01626464,  0.31743303],
       [-0.0371075 ,  0.08510064,  0.24149989, -0.01811902, -0.3295647 ,
         0.05542247, -0.26336873,  0.13065882,  0.01036642],
       [ 0.06217796,  0.266871  ,  0.06755117, -0.2690162 ,  0.24152435,
        -0.21564515, -0.07110201, -0.15946926,  0.11662083],
       [ 0.20451999, -0.06165943,  0.03166936, -0.12950097, -0.21010356,
        -0.24333733,  0.19538453, -0.32385954, -0.15107416],
       [-0.11687715, -0.02103753, -0.34785786,  0.36935997,  0.1417479 ,
        -0.25176376,  0.03168174,  0.10359126,  0.24592997],
       [-0.03159467,  0.18698509,  0.14315009,  0.13402535,  0.14747344,
         0.04663521,  0.02933163, -0.23536715,  0.07157474],
       [-0.01721661, -0.15966702, -0.17339608,  0.0488082 , -0.28914785,
        -0.33013847, -0.29186422,  0.01022755,  0.25918156],
       [-0.03458159,  0.06386102,  0.06079732, -0.00358894,  0.11733525,
         0.06286216,  0.29952425, -0.06957829,  0.35863227],
       [ 0.08711775,  0.17452414,  0.18542968, -0.23305678, -0.17116606,
         0.03265715,  0.13222292,  0.20210415,  0.07207749],
       [ 0.12472119, -0.07697739, -0.26316455, -0.08793137, -0.05818739,
         0.11500507, -0.1868105 , -0.04991768,  0.12627843],
       [ 0.03347516,  0.0613205 , -0.00544607, -0.22419213, -0.09463188,
         0.22122481, -0.149907  , -0.18983388,  0.21497305],
       [-0.24393123,  0.0744365 , -0.06578591,  0.05425783,  0.16242833,
         0.1147984 , -0.17435357,  0.09953091, -0.07138057],
       [-0.18613574, -0.09554473,  0.10214879,  0.32159975, -0.20953077,
         0.01985374,  0.03494778, -0.00794571, -0.02363133],
       [-0.17878896, -0.08642426, -0.14485809,  0.2822014 , -0.09956715,
        -0.0349397 ,  0.03420943, -0.3361214 , -0.2751019 ],
       [-0.13495883, -0.14711843,  0.16598043,  0.05380316, -0.18837717,
         0.01925888,  0.054342  ,  0.33120352, -0.07676293],
       [-0.10528616,  0.16672523, -0.3765681 ,  0.01775776,  0.11168584,
         0.21828118, -0.02474629,  0.03579321, -0.03234581]],      dtype=float32)}, 'LayerNorm_0': {'bias': Array([0., 0., 0., 0., 0., 0., 0., 0., 0.], dtype=float32), 'scale': Array([1., 1., 1., 1., 1., 1., 1., 1., 1.], dtype=float32)}, 'LayerNorm_1': {'bias': Array([0., 0., 0., 0., 0., 0., 0., 0., 0.], dtype=float32), 'scale': Array([1., 1., 1., 1., 1., 1., 1., 1., 1.], dtype=float32)}, 'LayerNorm_2': {'bias': Array([0., 0., 0., 0., 0., 0., 0., 0., 0.], dtype=float32), 'scale': Array([1., 1., 1., 1., 1., 1., 1., 1., 1.], dtype=float32)}, 'LayerNorm_3': {'bias': Array([0., 0., 0., 0., 0., 0., 0., 0., 0.], dtype=float32), 'scale': Array([1., 1., 1., 1., 1., 1., 1., 1., 1.], dtype=float32)}, 'LayerNorm_4': {'bias': Array([0., 0., 0., 0., 0., 0., 0., 0., 0.], dtype=float32), 'scale': Array([1., 1., 1., 1., 1., 1., 1., 1., 1.], dtype=float32)}, 'SelfAttention_0': {'key': {'bias': Array([[0., 0., 0., 0.],
       [0., 0., 0., 0.],
       [0., 0., 0., 0.]], dtype=float32), 'kernel': Array([[[ 0.00725734, -0.07826528,  0.50494134, -0.53067875],
        [-0.49415588, -0.5076307 ,  0.0497915 ,  0.05214556],
        [ 0.3907485 , -0.04234543, -0.21224417,  0.10913795]],

       [[-0.34370837, -0.00806878, -0.12004332, -0.2832388 ],
        [ 0.5808524 ,  0.43813252, -0.00588308, -0.17342538],
        [ 0.01569108,  0.00371076,  0.3546546 , -0.3147209 ]],

       [[-0.19792177,  0.45290172,  0.51865476,  0.3640493 ],
        [ 0.3488311 ,  0.2544556 ,  0.6659879 , -0.3976305 ],
        [-0.34869194,  0.43632472,  0.2561903 , -0.6781579 ]],

       [[ 0.03880633, -0.08159796, -0.25940618,  0.6431954 ],
        [ 0.06425716, -0.04468251, -0.19441761,  0.57005084],
        [ 0.047291  , -0.54374814, -0.07203077,  0.5229683 ]],

       [[-0.17109363, -0.13137805,  0.10349021, -0.31630704],
        [-0.09700872, -0.11903141,  0.40280166, -0.4723988 ],
        [-0.36550626,  0.2700346 ,  0.0176575 , -0.14863275]],

       [[ 0.3366475 ,  0.18066767, -0.12099513, -0.45634848],
        [-0.36780658, -0.23059763, -0.02402138,  0.1616787 ],
        [-0.20127173,  0.52413636,  0.07874189,  0.26423904]],

       [[-0.19505024, -0.38647664,  0.22542082,  0.2100002 ],
        [ 0.5558061 ,  0.02783959,  0.09178486,  0.3346747 ],
        [ 0.5513937 , -0.57971674,  0.13348891, -0.48904294]],

       [[-0.31980217, -0.21597834,  0.43952802,  0.36495233],
        [-0.1311017 ,  0.51819766,  0.09764846, -0.63657624],
        [ 0.35591665, -0.16571052,  0.44785684,  0.332597  ]],

       [[ 0.04188682, -0.13002324,  0.02146494,  0.34642738],
        [-0.24047959,  0.30354536,  0.29595095, -0.27635825],
        [ 0.00097718,  0.57812536, -0.19835521,  0.08695488]]],      dtype=float32)}, 'out': {'bias': Array([0., 0., 0., 0., 0., 0., 0., 0., 0.], dtype=float32), 'kernel': Array([[[ 0.07304462, -0.15673414, -0.00596458, -0.6344477 ,
         -0.5701379 , -0.06569178,  0.57950884,  0.09286164,
          0.32541072],
        [ 0.1671287 , -0.2334177 ,  0.00788021,  0.13528024,
          0.19616924, -0.4071941 ,  0.2963584 , -0.3432034 ,
          0.3065142 ],
        [ 0.01999734, -0.07329593,  0.30076474,  0.1748173 ,
          0.13921197, -0.20139068,  0.631765  , -0.4872958 ,
          0.0963417 ],
        [ 0.07738798, -0.10105111,  0.21347845, -0.11529419,
         -0.25342172, -0.12544966, -0.2588822 , -0.5054822 ,
          0.32680723]],

       [[-0.3509305 , -0.48980138, -0.02506272,  0.01632089,
         -0.24834266,  0.08654754,  0.32760546, -0.18406041,
         -0.5728101 ],
        [ 0.02010574,  0.18748179, -0.48164397,  0.35144123,
         -0.1167894 , -0.27241132, -0.11292961,  0.58102715,
         -0.21347821],
        [ 0.00196154, -0.10762277, -0.24648151,  0.5395244 ,
          0.11946055,  0.1155757 , -0.07188772, -0.19729902,
         -0.42276657],
        [ 0.4006446 , -0.09328005,  0.5520629 ,  0.23622644,
         -0.16948657,  0.2783042 , -0.17730401,  0.05592677,
         -0.24270758]],

       [[ 0.44668362,  0.05655263,  0.06267062, -0.284759  ,
          0.14984724, -0.02437973,  0.4673865 ,  0.34044474,
          0.09403671],
        [ 0.6527918 , -0.42766804,  0.04859267,  0.11225534,
          0.13831002, -0.04698446, -0.3944621 ,  0.1989887 ,
         -0.10498512],
        [-0.15199976,  0.43653533, -0.23673028,  0.35057288,
          0.2808391 , -0.19023608, -0.21012418, -0.3083484 ,
         -0.3491538 ],
        [-0.44984522,  0.18096831, -0.10675216, -0.60358465,
          0.27713308,  0.24133545,  0.13199167,  0.0560868 ,
         -0.24729687]]], dtype=float32)}, 'query': {'bias': Array([[0., 0., 0., 0.],
       [0., 0., 0., 0.],
       [0., 0., 0., 0.]], dtype=float32), 'kernel': Array([[[ 0.11376954,  0.01926303,  0.2574165 , -0.23763284],
        [ 0.18145756, -0.13468191,  0.6414444 ,  0.33973143],
        [-0.08379754, -0.19325043, -0.5385924 , -0.74472123]],

       [[ 0.25817683, -0.49455404,  0.37716508, -0.63083196],
        [ 0.04651912,  0.10139999, -0.32753903, -0.42860055],
        [ 0.5300976 ,  0.142097  , -0.6107116 ,  0.501244  ]],

       [[-0.49487922,  0.12663165,  0.16779616,  0.59734315],
        [-0.17268111,  0.11396831,  0.01462983, -0.56421834],
        [-0.18746653, -0.45082098,  0.21475141, -0.01418746]],

       [[-0.02649884,  0.51290554, -0.09227656, -0.2271919 ],
        [ 0.03938212, -0.67207146, -0.00114903, -0.32305533],
        [-0.29863837,  0.33106568,  0.06166777, -0.28257853]],

       [[ 0.6200957 ,  0.4377952 ,  0.3567626 , -0.27805483],
        [ 0.077215  ,  0.08860599, -0.07938311, -0.38378504],
        [ 0.23608366,  0.69494635, -0.21309449,  0.2942565 ]],

       [[-0.4795682 , -0.03751078,  0.3907987 ,  0.0470518 ],
        [ 0.2859877 , -0.22041167,  0.16899177, -0.01842608],
        [-0.24614869,  0.69065195, -0.1676516 ,  0.10973012]],

       [[-0.24748358, -0.24648245, -0.49655122,  0.0040187 ],
        [ 0.27541986,  0.4080476 ,  0.7552548 ,  0.22911535],
        [-0.2888446 , -0.27997363,  0.3094684 ,  0.05136138]],

       [[ 0.0506121 , -0.22672054,  0.19520041, -0.31058764],
        [ 0.06008952,  0.5519871 ,  0.0201622 , -0.27265936],
        [-0.518916  ,  0.2199738 ,  0.28841946,  0.09863204]],

       [[ 0.11534394, -0.27557468,  0.66634274, -0.00839861],
        [-0.6540492 ,  0.12603042, -0.06943145,  0.22859561],
        [-0.3374863 ,  0.25304604,  0.536767  ,  0.08100869]]],      dtype=float32)}, 'value': {'bias': Array([[0., 0., 0., 0.],
       [0., 0., 0., 0.],
       [0., 0., 0., 0.]], dtype=float32), 'kernel': Array([[[ 0.16864648, -0.27738398, -0.20968914, -0.02949193],
        [ 0.01406415, -0.429999  ,  0.6810399 ,  0.22653092],
        [-0.32447836,  0.21327655,  0.3553546 ,  0.24846028]],

       [[ 0.37912878, -0.5427767 ,  0.52419484, -0.32107362],
        [-0.08503427, -0.65057814,  0.02181407,  0.3364434 ],
        [-0.2961621 , -0.3532641 , -0.45516327,  0.39382237]],

       [[ 0.45303923, -0.25580403,  0.35057205, -0.52261364],
        [ 0.02374684,  0.4071711 ,  0.57906497,  0.4690122 ],
        [ 0.20967174,  0.09837858, -0.38339666, -0.14732596]],

       [[-0.5063321 ,  0.39530408,  0.20245229, -0.02016642],
        [ 0.02437835,  0.49097845,  0.09194037, -0.14443155],
        [-0.30147982, -0.7361471 ,  0.04952659,  0.546949  ]],

       [[-0.05943335, -0.01855486,  0.24386072,  0.18979107],
        [ 0.15366174, -0.67955077, -0.5985227 , -0.61694705],
        [-0.2132349 , -0.31099522,  0.5151966 , -0.156794  ]],

       [[ 0.17283894, -0.46742845,  0.47125682, -0.43628067],
        [ 0.30224058,  0.3942782 , -0.05709505,  0.11773198],
        [-0.05738104,  0.4415171 ,  0.26037484,  0.27205816]],

       [[ 0.26735157,  0.2185362 , -0.5584387 , -0.59553427],
        [-0.39808926, -0.23294482, -0.09307525, -0.49011767],
        [-0.22851458, -0.502746  , -0.22355007, -0.26964226]],

       [[-0.24451587,  0.2920695 ,  0.64144063,  0.52739227],
        [-0.00754987, -0.02376352, -0.06096232,  0.17898142],
        [-0.04091575,  0.11295675,  0.28320095,  0.11636186]],

       [[ 0.4097585 , -0.1565403 ,  0.22301763, -0.24276   ],
        [ 0.24216741,  0.06741521, -0.3091032 , -0.05536931],
        [ 0.32715747,  0.7249491 , -0.2148104 , -0.31563762]]],      dtype=float32)}}, 'SelfAttention_1': {'key': {'bias': Array([[0., 0., 0., 0.],
       [0., 0., 0., 0.],
       [0., 0., 0., 0.]], dtype=float32), 'kernel': Array([[[-0.37525466,  0.2852329 , -0.6024216 , -0.51049346],
        [-0.1876896 ,  0.52548933, -0.03502931,  0.0210171 ],
        [ 0.2646625 ,  0.11322195, -0.35008597, -0.52145547]],

       [[-0.02716858,  0.3244704 , -0.46753252, -0.34450057],
        [-0.25936246, -0.2187624 , -0.04566013, -0.12433949],
        [ 0.28359076, -0.11614196, -0.39723173, -0.43293732]],

       [[ 0.0556185 ,  0.24940573, -0.68554914,  0.19274467],
        [ 0.5800751 , -0.07841557,  0.09297669,  0.5979951 ],
        [-0.32702973,  0.23391563, -0.13626981,  0.09792323]],

       [[-0.2938014 , -0.0644905 ,  0.08071313,  0.18770571],
        [-0.22215419,  0.06769127, -0.6465161 , -0.51860815],
        [ 0.26457834,  0.2383203 ,  0.0215877 , -0.54246163]],

       [[ 0.02207283,  0.24663286,  0.07514918, -0.3565758 ],
        [ 0.51580435,  0.0270755 ,  0.27630144,  0.48104474],
        [ 0.26045272, -0.18846308, -0.02055121, -0.09704055]],

       [[-0.15554738,  0.07396425,  0.17811489,  0.22410597],
        [-0.14618438, -0.02044946,  0.1856072 , -0.0823096 ],
        [ 0.28318906, -0.41321245,  0.17677474,  0.05377147]],

       [[-0.52268165,  0.4162031 , -0.36702505, -0.49399462],
        [-0.24675469, -0.21939932,  0.101816  , -0.50565624],
        [-0.0352438 ,  0.00788964,  0.25132978,  0.13475293]],

       [[ 0.14952376, -0.29597414,  0.01560205,  0.38755414],
        [-0.23709026, -0.11281776, -0.30766505,  0.46973738],
        [-0.48310986,  0.6603041 ,  0.22094207, -0.6267948 ]],

       [[ 0.12725356, -0.26971176, -0.18707524, -0.02615875],
        [-0.39580545, -0.22777545, -0.27511424,  0.47332504],
        [ 0.01882084,  0.07661304, -0.6968087 , -0.25587255]]],      dtype=float32)}, 'out': {'bias': Array([0., 0., 0., 0., 0., 0., 0., 0., 0.], dtype=float32), 'kernel': Array([[[-0.27782965,  0.0190725 ,  0.40175086, -0.25657004,
         -0.13732196, -0.25343952, -0.39430705,  0.53746545,
          0.23877613],
        [-0.517103  , -0.30346644, -0.01290539, -0.37303814,
         -0.22786473, -0.4525155 , -0.17928924,  0.41756415,
         -0.2439809 ],
        [ 0.07269923, -0.30424508,  0.6452072 , -0.33308983,
         -0.20131703,  0.11022104,  0.5394054 ,  0.4457268 ,
         -0.11427446],
        [-0.22267969, -0.00327839,  0.191591  , -0.3367989 ,
         -0.41930765,  0.08230989,  0.35091463, -0.03198275,
         -0.32126006]],

       [[-0.21647476,  0.28005892,  0.15379399, -0.06333059,
          0.22411807, -0.15588918,  0.02620262,  0.3028556 ,
         -0.415598  ],
        [ 0.5346475 , -0.21377577,  0.37590188, -0.27010834,
          0.21363679, -0.18191233, -0.27523538,  0.19725439,
          0.4158964 ],
        [ 0.5970081 , -0.1825363 , -0.05220256,  0.00250595,
         -0.04266859,  0.26792693,  0.48048675, -0.01346437,
          0.05377352],
        [ 0.04904497,  0.09205154, -0.19164227,  0.6257632 ,
         -0.05991647,  0.25040814,  0.33881867,  0.35056782,
         -0.06211744]],

       [[ 0.02673272,  0.07900251,  0.5080543 ,  0.07165984,
         -0.17133187,  0.25939715, -0.09679279,  0.00508094,
         -0.290509  ],
        [-0.10081657, -0.27644688, -0.22055969,  0.50224864,
         -0.40842482, -0.5240886 ,  0.2246142 , -0.14454904,
         -0.5197213 ],
        [ 0.11930444, -0.0257092 , -0.61252743,  0.08980577,
         -0.23764075,  0.4435574 , -0.14563659,  0.00948175,
         -0.6224975 ],
        [-0.51316226, -0.12807699,  0.01289134,  0.3406818 ,
         -0.19622214,  0.13183427,  0.20805448,  0.10920975,
         -0.22390501]]], dtype=float32)}, 'query': {'bias': Array([[0., 0., 0., 0.],
       [0., 0., 0., 0.],
       [0., 0., 0., 0.]], dtype=float32), 'kernel': Array([[[ 0.47435623,  0.5461579 , -0.13397582, -0.10228749],
        [-0.309589  ,  0.25887665,  0.31054714,  0.3955329 ],
        [ 0.24290814, -0.07189552, -0.2927353 ,  0.6298991 ]],

       [[ 0.1587098 , -0.34224945,  0.567072  , -0.11325745],
        [-0.44308057, -0.1732085 ,  0.47887176, -0.21881194],
        [ 0.24645801, -0.03018386, -0.10936171, -0.0337962 ]],

       [[ 0.36121985,  0.54235417, -0.03939874, -0.31255308],
        [ 0.13725194, -0.03551367, -0.62185085,  0.02229391],
        [ 0.46488973,  0.23823124,  0.2620774 , -0.2877894 ]],

       [[-0.34066778,  0.09026579,  0.12779571,  0.10862713],
        [ 0.47148857, -0.2183039 , -0.13263744,  0.33176398],
        [ 0.5041075 , -0.19823743,  0.47499192, -0.5594189 ]],

       [[-0.32813454, -0.3604589 , -0.26308253, -0.35262   ],
        [ 0.43053645,  0.3031552 ,  0.6092944 ,  0.25284186],
        [ 0.49179047, -0.179529  , -0.7548331 ,  0.03707462]],

       [[ 0.08977129, -0.17853798, -0.57350117, -0.40332538],
        [ 0.0594817 , -0.37390086, -0.09220453,  0.02988851],
        [-0.68463176, -0.61404204, -0.3052116 ,  0.2073576 ]],

       [[ 0.60644317,  0.03727608, -0.50900924, -0.68112576],
        [-0.1488285 ,  0.01793298,  0.14057982, -0.23378503],
        [ 0.40678957, -0.02973987,  0.12766324,  0.34072703]],

       [[-0.316101  , -0.54827404,  0.00132791,  0.50759095],
        [ 0.13855965,  0.3349736 , -0.44377565,  0.00832651],
        [ 0.34238514,  0.17178112,  0.39773083,  0.2194098 ]],

       [[-0.16547081,  0.47619587, -0.28843012,  0.08146788],
        [-0.20186749,  0.28206116,  0.00451872,  0.28326383],
        [-0.24389955,  0.1724404 , -0.09322988, -0.20316258]]],      dtype=float32)}, 'value': {'bias': Array([[0., 0., 0., 0.],
       [0., 0., 0., 0.],
       [0., 0., 0., 0.]], dtype=float32), 'kernel': Array([[[ 0.23919907,  0.41536647,  0.0392991 ,  0.01013484],
        [ 0.0789609 , -0.17162973, -0.03595336,  0.00246971],
        [-0.4140874 ,  0.71412736, -0.10290256,  0.1164814 ]],

       [[ 0.14321168,  0.06595571, -0.34439957,  0.24362093],
        [ 0.07498726, -0.30837223,  0.00598577, -0.3698619 ],
        [ 0.3135407 ,  0.30784333,  0.28574854,  0.0466497 ]],

       [[-0.12349802,  0.47312018, -0.10601544,  0.3958547 ],
        [-0.19937308, -0.03733212, -0.22576728,  0.03321266],
        [ 0.6970532 , -0.18002117,  0.527942  , -0.07795583]],

       [[-0.12247302,  0.34017056,  0.04204505,  0.48986807],
        [-0.19408692, -0.2369011 , -0.6678492 ,  0.14707431],
        [-0.59410936, -0.06691981,  0.4212499 ,  0.13548663]],

       [[ 0.21599512,  0.25947037,  0.11479761,  0.31259257],
        [ 0.18797569,  0.04614072, -0.12124571, -0.5121987 ],
        [-0.2773067 ,  0.0144266 ,  0.32090902,  0.4844287 ]],

       [[-0.40578932,  0.369461  ,  0.15839222, -0.14685771],
        [ 0.13103388,  0.3015356 , -0.08859123, -0.24527459],
        [ 0.25214553, -0.4565565 , -0.22558402,  0.18150826]],

       [[ 0.7418366 , -0.28378844, -0.3425708 , -0.24966927],
        [-0.00432016, -0.64158976, -0.56007403, -0.01135126],
        [ 0.20786832,  0.01780703, -0.09581128,  0.30521807]],

       [[-0.20759828, -0.17457724, -0.34814268,  0.46745107],
        [-0.34128457,  0.25966224, -0.14948928,  0.3422652 ],
        [ 0.27311108, -0.01053489, -0.21704338,  0.25901967]],

       [[ 0.5332083 ,  0.22790624, -0.47937962, -0.08971382],
        [-0.18784577,  0.2951998 , -0.48294866, -0.07829277],
        [ 0.7042919 ,  0.15873691, -0.10425454, -0.19114766]]],      dtype=float32)}}}}, tx=GradientTransformationExtraArgs(init=<function chain.<locals>.init_fn at 0x134f7c310>, update=<function chain.<locals>.update_fn at 0x134f7caf0>), opt_state=(TraceState(trace={'dense__decode_transformer_output': {'bias': Array([0., 0., 0., 0., 0., 0., 0., 0., 0., 0., 0., 0., 0., 0., 0., 0., 0.,
       0., 0., 0., 0., 0., 0., 0., 0., 0., 0., 0., 0., 0., 0., 0., 0., 0.,
       0., 0., 0., 0., 0., 0., 0., 0., 0., 0., 0., 0., 0., 0., 0., 0., 0.,
       0., 0., 0., 0., 0., 0., 0., 0., 0., 0., 0., 0., 0., 0., 0., 0., 0.,
       0., 0., 0., 0., 0., 0., 0., 0., 0., 0., 0., 0., 0., 0., 0., 0., 0.,
       0., 0., 0., 0., 0., 0., 0., 0., 0., 0., 0., 0., 0., 0., 0., 0., 0.,
       0., 0., 0., 0., 0., 0., 0., 0., 0., 0., 0., 0., 0., 0., 0., 0., 0.,
       0., 0., 0., 0., 0., 0., 0., 0., 0., 0., 0., 0., 0., 0., 0., 0., 0.,
       0., 0., 0., 0., 0., 0., 0., 0., 0., 0., 0., 0., 0., 0., 0., 0., 0.,
       0., 0., 0., 0., 0., 0., 0., 0., 0., 0., 0., 0., 0., 0., 0., 0., 0.,
       0., 0., 0., 0., 0., 0., 0., 0., 0., 0., 0., 0., 0., 0., 0., 0., 0.,
       0., 0., 0., 0., 0., 0., 0., 0., 0., 0., 0., 0., 0., 0., 0., 0., 0.,
       0., 0., 0., 0., 0., 0., 0., 0., 0., 0., 0., 0., 0., 0., 0., 0., 0.,
       0., 0., 0., 0., 0., 0., 0., 0., 0., 0., 0., 0., 0., 0., 0., 0., 0.,
       0., 0., 0., 0., 0., 0., 0., 0., 0., 0., 0., 0., 0., 0., 0., 0., 0.,
       0.], dtype=float32), 'kernel': Array([[0., 0., 0., ..., 0., 0., 0.],
       [0., 0., 0., ..., 0., 0., 0.],
       [0., 0., 0., ..., 0., 0., 0.],
       ...,
       [0., 0., 0., ..., 0., 0., 0.],
       [0., 0., 0., ..., 0., 0., 0.],
       [0., 0., 0., ..., 0., 0., 0.]], dtype=float32)}, 'embed__model_tokens_input': {'embedding': Array([[0., 0., 0., ..., 0., 0., 0.],
       [0., 0., 0., ..., 0., 0., 0.],
       [0., 0., 0., ..., 0., 0., 0.],
       ...,
       [0., 0., 0., ..., 0., 0., 0.],
       [0., 0., 0., ..., 0., 0., 0.],
       [0., 0., 0., ..., 0., 0., 0.]], dtype=float32)}, 'positional_embeddings': Array([[0., 0., 0., ..., 0., 0., 0.],
       [0., 0., 0., ..., 0., 0., 0.],
       [0., 0., 0., ..., 0., 0., 0.],
       ...,
       [0., 0., 0., ..., 0., 0., 0.],
       [0., 0., 0., ..., 0., 0., 0.],
       [0., 0., 0., ..., 0., 0., 0.]], dtype=float32), 'transformer': {'Dense_0': {'bias': Array([0., 0., 0., 0., 0., 0., 0., 0., 0., 0., 0., 0., 0., 0., 0., 0., 0.,
       0., 0., 0., 0., 0., 0., 0., 0., 0., 0., 0., 0., 0., 0., 0., 0., 0.,
       0., 0.], dtype=float32), 'kernel': Array([[0., 0., 0., 0., 0., 0., 0., 0., 0., 0., 0., 0., 0., 0., 0., 0.,
        0., 0., 0., 0., 0., 0., 0., 0., 0., 0., 0., 0., 0., 0., 0., 0.,
        0., 0., 0., 0.],
       [0., 0., 0., 0., 0., 0., 0., 0., 0., 0., 0., 0., 0., 0., 0., 0.,
        0., 0., 0., 0., 0., 0., 0., 0., 0., 0., 0., 0., 0., 0., 0., 0.,
        0., 0., 0., 0.],
       [0., 0., 0., 0., 0., 0., 0., 0., 0., 0., 0., 0., 0., 0., 0., 0.,
        0., 0., 0., 0., 0., 0., 0., 0., 0., 0., 0., 0., 0., 0., 0., 0.,
        0., 0., 0., 0.],
       [0., 0., 0., 0., 0., 0., 0., 0., 0., 0., 0., 0., 0., 0., 0., 0.,
        0., 0., 0., 0., 0., 0., 0., 0., 0., 0., 0., 0., 0., 0., 0., 0.,
        0., 0., 0., 0.],
       [0., 0., 0., 0., 0., 0., 0., 0., 0., 0., 0., 0., 0., 0., 0., 0.,
        0., 0., 0., 0., 0., 0., 0., 0., 0., 0., 0., 0., 0., 0., 0., 0.,
        0., 0., 0., 0.],
       [0., 0., 0., 0., 0., 0., 0., 0., 0., 0., 0., 0., 0., 0., 0., 0.,
        0., 0., 0., 0., 0., 0., 0., 0., 0., 0., 0., 0., 0., 0., 0., 0.,
        0., 0., 0., 0.],
       [0., 0., 0., 0., 0., 0., 0., 0., 0., 0., 0., 0., 0., 0., 0., 0.,
        0., 0., 0., 0., 0., 0., 0., 0., 0., 0., 0., 0., 0., 0., 0., 0.,
        0., 0., 0., 0.],
       [0., 0., 0., 0., 0., 0., 0., 0., 0., 0., 0., 0., 0., 0., 0., 0.,
        0., 0., 0., 0., 0., 0., 0., 0., 0., 0., 0., 0., 0., 0., 0., 0.,
        0., 0., 0., 0.],
       [0., 0., 0., 0., 0., 0., 0., 0., 0., 0., 0., 0., 0., 0., 0., 0.,
        0., 0., 0., 0., 0., 0., 0., 0., 0., 0., 0., 0., 0., 0., 0., 0.,
        0., 0., 0., 0.]], dtype=float32)}, 'Dense_1': {'bias': Array([0., 0., 0., 0., 0., 0., 0., 0., 0.], dtype=float32), 'kernel': Array([[0., 0., 0., 0., 0., 0., 0., 0., 0.],
       [0., 0., 0., 0., 0., 0., 0., 0., 0.],
       [0., 0., 0., 0., 0., 0., 0., 0., 0.],
       [0., 0., 0., 0., 0., 0., 0., 0., 0.],
       [0., 0., 0., 0., 0., 0., 0., 0., 0.],
       [0., 0., 0., 0., 0., 0., 0., 0., 0.],
       [0., 0., 0., 0., 0., 0., 0., 0., 0.],
       [0., 0., 0., 0., 0., 0., 0., 0., 0.],
       [0., 0., 0., 0., 0., 0., 0., 0., 0.],
       [0., 0., 0., 0., 0., 0., 0., 0., 0.],
       [0., 0., 0., 0., 0., 0., 0., 0., 0.],
       [0., 0., 0., 0., 0., 0., 0., 0., 0.],
       [0., 0., 0., 0., 0., 0., 0., 0., 0.],
       [0., 0., 0., 0., 0., 0., 0., 0., 0.],
       [0., 0., 0., 0., 0., 0., 0., 0., 0.],
       [0., 0., 0., 0., 0., 0., 0., 0., 0.],
       [0., 0., 0., 0., 0., 0., 0., 0., 0.],
       [0., 0., 0., 0., 0., 0., 0., 0., 0.],
       [0., 0., 0., 0., 0., 0., 0., 0., 0.],
       [0., 0., 0., 0., 0., 0., 0., 0., 0.],
       [0., 0., 0., 0., 0., 0., 0., 0., 0.],
       [0., 0., 0., 0., 0., 0., 0., 0., 0.],
       [0., 0., 0., 0., 0., 0., 0., 0., 0.],
       [0., 0., 0., 0., 0., 0., 0., 0., 0.],
       [0., 0., 0., 0., 0., 0., 0., 0., 0.],
       [0., 0., 0., 0., 0., 0., 0., 0., 0.],
       [0., 0., 0., 0., 0., 0., 0., 0., 0.],
       [0., 0., 0., 0., 0., 0., 0., 0., 0.],
       [0., 0., 0., 0., 0., 0., 0., 0., 0.],
       [0., 0., 0., 0., 0., 0., 0., 0., 0.],
       [0., 0., 0., 0., 0., 0., 0., 0., 0.],
       [0., 0., 0., 0., 0., 0., 0., 0., 0.],
       [0., 0., 0., 0., 0., 0., 0., 0., 0.],
       [0., 0., 0., 0., 0., 0., 0., 0., 0.],
       [0., 0., 0., 0., 0., 0., 0., 0., 0.],
       [0., 0., 0., 0., 0., 0., 0., 0., 0.]], dtype=float32)}, 'Dense_2': {'bias': Array([0., 0., 0., 0., 0., 0., 0., 0., 0., 0., 0., 0., 0., 0., 0., 0., 0.,
       0., 0., 0., 0., 0., 0., 0., 0., 0., 0., 0., 0., 0., 0., 0., 0., 0.,
       0., 0.], dtype=float32), 'kernel': Array([[0., 0., 0., 0., 0., 0., 0., 0., 0., 0., 0., 0., 0., 0., 0., 0.,
        0., 0., 0., 0., 0., 0., 0., 0., 0., 0., 0., 0., 0., 0., 0., 0.,
        0., 0., 0., 0.],
       [0., 0., 0., 0., 0., 0., 0., 0., 0., 0., 0., 0., 0., 0., 0., 0.,
        0., 0., 0., 0., 0., 0., 0., 0., 0., 0., 0., 0., 0., 0., 0., 0.,
        0., 0., 0., 0.],
       [0., 0., 0., 0., 0., 0., 0., 0., 0., 0., 0., 0., 0., 0., 0., 0.,
        0., 0., 0., 0., 0., 0., 0., 0., 0., 0., 0., 0., 0., 0., 0., 0.,
        0., 0., 0., 0.],
       [0., 0., 0., 0., 0., 0., 0., 0., 0., 0., 0., 0., 0., 0., 0., 0.,
        0., 0., 0., 0., 0., 0., 0., 0., 0., 0., 0., 0., 0., 0., 0., 0.,
        0., 0., 0., 0.],
       [0., 0., 0., 0., 0., 0., 0., 0., 0., 0., 0., 0., 0., 0., 0., 0.,
        0., 0., 0., 0., 0., 0., 0., 0., 0., 0., 0., 0., 0., 0., 0., 0.,
        0., 0., 0., 0.],
       [0., 0., 0., 0., 0., 0., 0., 0., 0., 0., 0., 0., 0., 0., 0., 0.,
        0., 0., 0., 0., 0., 0., 0., 0., 0., 0., 0., 0., 0., 0., 0., 0.,
        0., 0., 0., 0.],
       [0., 0., 0., 0., 0., 0., 0., 0., 0., 0., 0., 0., 0., 0., 0., 0.,
        0., 0., 0., 0., 0., 0., 0., 0., 0., 0., 0., 0., 0., 0., 0., 0.,
        0., 0., 0., 0.],
       [0., 0., 0., 0., 0., 0., 0., 0., 0., 0., 0., 0., 0., 0., 0., 0.,
        0., 0., 0., 0., 0., 0., 0., 0., 0., 0., 0., 0., 0., 0., 0., 0.,
        0., 0., 0., 0.],
       [0., 0., 0., 0., 0., 0., 0., 0., 0., 0., 0., 0., 0., 0., 0., 0.,
        0., 0., 0., 0., 0., 0., 0., 0., 0., 0., 0., 0., 0., 0., 0., 0.,
        0., 0., 0., 0.]], dtype=float32)}, 'Dense_3': {'bias': Array([0., 0., 0., 0., 0., 0., 0., 0., 0.], dtype=float32), 'kernel': Array([[0., 0., 0., 0., 0., 0., 0., 0., 0.],
       [0., 0., 0., 0., 0., 0., 0., 0., 0.],
       [0., 0., 0., 0., 0., 0., 0., 0., 0.],
       [0., 0., 0., 0., 0., 0., 0., 0., 0.],
       [0., 0., 0., 0., 0., 0., 0., 0., 0.],
       [0., 0., 0., 0., 0., 0., 0., 0., 0.],
       [0., 0., 0., 0., 0., 0., 0., 0., 0.],
       [0., 0., 0., 0., 0., 0., 0., 0., 0.],
       [0., 0., 0., 0., 0., 0., 0., 0., 0.],
       [0., 0., 0., 0., 0., 0., 0., 0., 0.],
       [0., 0., 0., 0., 0., 0., 0., 0., 0.],
       [0., 0., 0., 0., 0., 0., 0., 0., 0.],
       [0., 0., 0., 0., 0., 0., 0., 0., 0.],
       [0., 0., 0., 0., 0., 0., 0., 0., 0.],
       [0., 0., 0., 0., 0., 0., 0., 0., 0.],
       [0., 0., 0., 0., 0., 0., 0., 0., 0.],
       [0., 0., 0., 0., 0., 0., 0., 0., 0.],
       [0., 0., 0., 0., 0., 0., 0., 0., 0.],
       [0., 0., 0., 0., 0., 0., 0., 0., 0.],
       [0., 0., 0., 0., 0., 0., 0., 0., 0.],
       [0., 0., 0., 0., 0., 0., 0., 0., 0.],
       [0., 0., 0., 0., 0., 0., 0., 0., 0.],
       [0., 0., 0., 0., 0., 0., 0., 0., 0.],
       [0., 0., 0., 0., 0., 0., 0., 0., 0.],
       [0., 0., 0., 0., 0., 0., 0., 0., 0.],
       [0., 0., 0., 0., 0., 0., 0., 0., 0.],
       [0., 0., 0., 0., 0., 0., 0., 0., 0.],
       [0., 0., 0., 0., 0., 0., 0., 0., 0.],
       [0., 0., 0., 0., 0., 0., 0., 0., 0.],
       [0., 0., 0., 0., 0., 0., 0., 0., 0.],
       [0., 0., 0., 0., 0., 0., 0., 0., 0.],
       [0., 0., 0., 0., 0., 0., 0., 0., 0.],
       [0., 0., 0., 0., 0., 0., 0., 0., 0.],
       [0., 0., 0., 0., 0., 0., 0., 0., 0.],
       [0., 0., 0., 0., 0., 0., 0., 0., 0.],
       [0., 0., 0., 0., 0., 0., 0., 0., 0.]], dtype=float32)}, 'LayerNorm_0': {'bias': Array([0., 0., 0., 0., 0., 0., 0., 0., 0.], dtype=float32), 'scale': Array([0., 0., 0., 0., 0., 0., 0., 0., 0.], dtype=float32)}, 'LayerNorm_1': {'bias': Array([0., 0., 0., 0., 0., 0., 0., 0., 0.], dtype=float32), 'scale': Array([0., 0., 0., 0., 0., 0., 0., 0., 0.], dtype=float32)}, 'LayerNorm_2': {'bias': Array([0., 0., 0., 0., 0., 0., 0., 0., 0.], dtype=float32), 'scale': Array([0., 0., 0., 0., 0., 0., 0., 0., 0.], dtype=float32)}, 'LayerNorm_3': {'bias': Array([0., 0., 0., 0., 0., 0., 0., 0., 0.], dtype=float32), 'scale': Array([0., 0., 0., 0., 0., 0., 0., 0., 0.], dtype=float32)}, 'LayerNorm_4': {'bias': Array([0., 0., 0., 0., 0., 0., 0., 0., 0.], dtype=float32), 'scale': Array([0., 0., 0., 0., 0., 0., 0., 0., 0.], dtype=float32)}, 'SelfAttention_0': {'key': {'bias': Array([[0., 0., 0., 0.],
       [0., 0., 0., 0.],
       [0., 0., 0., 0.]], dtype=float32), 'kernel': Array([[[0., 0., 0., 0.],
        [0., 0., 0., 0.],
        [0., 0., 0., 0.]],

       [[0., 0., 0., 0.],
        [0., 0., 0., 0.],
        [0., 0., 0., 0.]],

       [[0., 0., 0., 0.],
        [0., 0., 0., 0.],
        [0., 0., 0., 0.]],

       [[0., 0., 0., 0.],
        [0., 0., 0., 0.],
        [0., 0., 0., 0.]],

       [[0., 0., 0., 0.],
        [0., 0., 0., 0.],
        [0., 0., 0., 0.]],

       [[0., 0., 0., 0.],
        [0., 0., 0., 0.],
        [0., 0., 0., 0.]],

       [[0., 0., 0., 0.],
        [0., 0., 0., 0.],
        [0., 0., 0., 0.]],

       [[0., 0., 0., 0.],
        [0., 0., 0., 0.],
        [0., 0., 0., 0.]],

       [[0., 0., 0., 0.],
        [0., 0., 0., 0.],
        [0., 0., 0., 0.]]], dtype=float32)}, 'out': {'bias': Array([0., 0., 0., 0., 0., 0., 0., 0., 0.], dtype=float32), 'kernel': Array([[[0., 0., 0., 0., 0., 0., 0., 0., 0.],
        [0., 0., 0., 0., 0., 0., 0., 0., 0.],
        [0., 0., 0., 0., 0., 0., 0., 0., 0.],
        [0., 0., 0., 0., 0., 0., 0., 0., 0.]],

       [[0., 0., 0., 0., 0., 0., 0., 0., 0.],
        [0., 0., 0., 0., 0., 0., 0., 0., 0.],
        [0., 0., 0., 0., 0., 0., 0., 0., 0.],
        [0., 0., 0., 0., 0., 0., 0., 0., 0.]],

       [[0., 0., 0., 0., 0., 0., 0., 0., 0.],
        [0., 0., 0., 0., 0., 0., 0., 0., 0.],
        [0., 0., 0., 0., 0., 0., 0., 0., 0.],
        [0., 0., 0., 0., 0., 0., 0., 0., 0.]]], dtype=float32)}, 'query': {'bias': Array([[0., 0., 0., 0.],
       [0., 0., 0., 0.],
       [0., 0., 0., 0.]], dtype=float32), 'kernel': Array([[[0., 0., 0., 0.],
        [0., 0., 0., 0.],
        [0., 0., 0., 0.]],

       [[0., 0., 0., 0.],
        [0., 0., 0., 0.],
        [0., 0., 0., 0.]],

       [[0., 0., 0., 0.],
        [0., 0., 0., 0.],
        [0., 0., 0., 0.]],

       [[0., 0., 0., 0.],
        [0., 0., 0., 0.],
        [0., 0., 0., 0.]],

       [[0., 0., 0., 0.],
        [0., 0., 0., 0.],
        [0., 0., 0., 0.]],

       [[0., 0., 0., 0.],
        [0., 0., 0., 0.],
        [0., 0., 0., 0.]],

       [[0., 0., 0., 0.],
        [0., 0., 0., 0.],
        [0., 0., 0., 0.]],

       [[0., 0., 0., 0.],
        [0., 0., 0., 0.],
        [0., 0., 0., 0.]],

       [[0., 0., 0., 0.],
        [0., 0., 0., 0.],
        [0., 0., 0., 0.]]], dtype=float32)}, 'value': {'bias': Array([[0., 0., 0., 0.],
       [0., 0., 0., 0.],
       [0., 0., 0., 0.]], dtype=float32), 'kernel': Array([[[0., 0., 0., 0.],
        [0., 0., 0., 0.],
        [0., 0., 0., 0.]],

       [[0., 0., 0., 0.],
        [0., 0., 0., 0.],
        [0., 0., 0., 0.]],

       [[0., 0., 0., 0.],
        [0., 0., 0., 0.],
        [0., 0., 0., 0.]],

       [[0., 0., 0., 0.],
        [0., 0., 0., 0.],
        [0., 0., 0., 0.]],

       [[0., 0., 0., 0.],
        [0., 0., 0., 0.],
        [0., 0., 0., 0.]],

       [[0., 0., 0., 0.],
        [0., 0., 0., 0.],
        [0., 0., 0., 0.]],

       [[0., 0., 0., 0.],
        [0., 0., 0., 0.],
        [0., 0., 0., 0.]],

       [[0., 0., 0., 0.],
        [0., 0., 0., 0.],
        [0., 0., 0., 0.]],

       [[0., 0., 0., 0.],
        [0., 0., 0., 0.],
        [0., 0., 0., 0.]]], dtype=float32)}}, 'SelfAttention_1': {'key': {'bias': Array([[0., 0., 0., 0.],
       [0., 0., 0., 0.],
       [0., 0., 0., 0.]], dtype=float32), 'kernel': Array([[[0., 0., 0., 0.],
        [0., 0., 0., 0.],
        [0., 0., 0., 0.]],

       [[0., 0., 0., 0.],
        [0., 0., 0., 0.],
        [0., 0., 0., 0.]],

       [[0., 0., 0., 0.],
        [0., 0., 0., 0.],
        [0., 0., 0., 0.]],

       [[0., 0., 0., 0.],
        [0., 0., 0., 0.],
        [0., 0., 0., 0.]],

       [[0., 0., 0., 0.],
        [0., 0., 0., 0.],
        [0., 0., 0., 0.]],

       [[0., 0., 0., 0.],
        [0., 0., 0., 0.],
        [0., 0., 0., 0.]],

       [[0., 0., 0., 0.],
        [0., 0., 0., 0.],
        [0., 0., 0., 0.]],

       [[0., 0., 0., 0.],
        [0., 0., 0., 0.],
        [0., 0., 0., 0.]],

       [[0., 0., 0., 0.],
        [0., 0., 0., 0.],
        [0., 0., 0., 0.]]], dtype=float32)}, 'out': {'bias': Array([0., 0., 0., 0., 0., 0., 0., 0., 0.], dtype=float32), 'kernel': Array([[[0., 0., 0., 0., 0., 0., 0., 0., 0.],
        [0., 0., 0., 0., 0., 0., 0., 0., 0.],
        [0., 0., 0., 0., 0., 0., 0., 0., 0.],
        [0., 0., 0., 0., 0., 0., 0., 0., 0.]],

       [[0., 0., 0., 0., 0., 0., 0., 0., 0.],
        [0., 0., 0., 0., 0., 0., 0., 0., 0.],
        [0., 0., 0., 0., 0., 0., 0., 0., 0.],
        [0., 0., 0., 0., 0., 0., 0., 0., 0.]],

       [[0., 0., 0., 0., 0., 0., 0., 0., 0.],
        [0., 0., 0., 0., 0., 0., 0., 0., 0.],
        [0., 0., 0., 0., 0., 0., 0., 0., 0.],
        [0., 0., 0., 0., 0., 0., 0., 0., 0.]]], dtype=float32)}, 'query': {'bias': Array([[0., 0., 0., 0.],
       [0., 0., 0., 0.],
       [0., 0., 0., 0.]], dtype=float32), 'kernel': Array([[[0., 0., 0., 0.],
        [0., 0., 0., 0.],
        [0., 0., 0., 0.]],

       [[0., 0., 0., 0.],
        [0., 0., 0., 0.],
        [0., 0., 0., 0.]],

       [[0., 0., 0., 0.],
        [0., 0., 0., 0.],
        [0., 0., 0., 0.]],

       [[0., 0., 0., 0.],
        [0., 0., 0., 0.],
        [0., 0., 0., 0.]],

       [[0., 0., 0., 0.],
        [0., 0., 0., 0.],
        [0., 0., 0., 0.]],

       [[0., 0., 0., 0.],
        [0., 0., 0., 0.],
        [0., 0., 0., 0.]],

       [[0., 0., 0., 0.],
        [0., 0., 0., 0.],
        [0., 0., 0., 0.]],

       [[0., 0., 0., 0.],
        [0., 0., 0., 0.],
        [0., 0., 0., 0.]],

       [[0., 0., 0., 0.],
        [0., 0., 0., 0.],
        [0., 0., 0., 0.]]], dtype=float32)}, 'value': {'bias': Array([[0., 0., 0., 0.],
       [0., 0., 0., 0.],
       [0., 0., 0., 0.]], dtype=float32), 'kernel': Array([[[0., 0., 0., 0.],
        [0., 0., 0., 0.],
        [0., 0., 0., 0.]],

       [[0., 0., 0., 0.],
        [0., 0., 0., 0.],
        [0., 0., 0., 0.]],

       [[0., 0., 0., 0.],
        [0., 0., 0., 0.],
        [0., 0., 0., 0.]],

       [[0., 0., 0., 0.],
        [0., 0., 0., 0.],
        [0., 0., 0., 0.]],

       [[0., 0., 0., 0.],
        [0., 0., 0., 0.],
        [0., 0., 0., 0.]],

       [[0., 0., 0., 0.],
        [0., 0., 0., 0.],
        [0., 0., 0., 0.]],

       [[0., 0., 0., 0.],
        [0., 0., 0., 0.],
        [0., 0., 0., 0.]],

       [[0., 0., 0., 0.],
        [0., 0., 0., 0.],
        [0., 0., 0., 0.]],

       [[0., 0., 0., 0.],
        [0., 0., 0., 0.],
        [0., 0., 0., 0.]]], dtype=float32)}}}}), EmptyState()))
tokens=Traced<ShapedArray(uint8[16,256])>with<DynamicJaxprTrace(level=1/0)>
num_batches=16, seq_len=256
token_embeddings=Traced<ShapedArray(float32[16,256,9])>with<JVPTrace(level=3/0)> with
  primal = Traced<ShapedArray(float32[16,256,9])>with<DynamicJaxprTrace(level=1/0)>
  tangent = Traced<ShapedArray(float32[16,256,9])>with<JaxprTrace(level=2/0)> with
    pval = (ShapedArray(float32[16,256,9]), None)
    recipe = JaxprEqnRecipe(eqn_id=<object object at 0x1350821a0>, in_tracers=(Traced<ShapedArray(float32[256,9]):JaxprTrace(level=2/0)>, Traced<ShapedArray(uint8[16,256,1]):JaxprTrace(level=2/0)>), out_tracer_refs=[<weakref at 0x13523d090; to 'JaxprTracer' at 0x13523d040>], out_avals=[ShapedArray(float32[16,256,9])], primitive=pjit, params={'jaxpr': { lambda ; a:f32[256,9] b:u8[16,256,1]. let
    c:f32[16,256,9] = gather[
      dimension_numbers=GatherDimensionNumbers(offset_dims=(2,), collapsed_slice_dims=(0,), start_index_map=(0,))
      fill_value=0
      indices_are_sorted=False
      mode=GatherScatterMode.FILL_OR_DROP
      slice_sizes=(1, 9)
      unique_indices=False
    ] a b
  in (c,) }, 'in_shardings': (UnspecifiedValue, UnspecifiedValue), 'out_shardings': (UnspecifiedValue,), 'resource_env': None, 'donated_invars': (False, False), 'name': '_take', 'keep_unused': False, 'inline': False}, effects=set(), source_info=SourceInfo(traceback=<jaxlib.xla_extension.Traceback object at 0x135239d70>, name_stack=NameStack(stack=(Transform(name='jvp'), Scope(name='AutoregressiveTransformerModel'), Scope(name='embed__model_tokens_input'))))), positional_embeddings=Traced<ShapedArray(float32[256,9])>with<JVPTrace(level=3/0)> with
  primal = Traced<ShapedArray(float32[256,9])>with<DynamicJaxprTrace(level=1/0)>
  tangent = Traced<ShapedArray(float32[256,9])>with<JaxprTrace(level=2/0)> with
    pval = (ShapedArray(float32[256,9]), None)
    recipe = LambdaBinding()
num_batches=16 seq_len=256 embedding_size=9
causal_mask=Traced<ShapedArray(float32[1,1,256,256])>with<DynamicJaxprTrace(level=1/0)>
input_embeddings=Traced<ShapedArray(float32[16,256,9])>with<JVPTrace(level=3/0)> with
  primal = Traced<ShapedArray(float32[16,256,9])>with<DynamicJaxprTrace(level=1/0)>
  tangent = Traced<ShapedArray(float32[16,256,9])>with<JaxprTrace(level=2/0)> with
    pval = (ShapedArray(float32[16,256,9]), None)
    recipe = JaxprEqnRecipe(eqn_id=<object object at 0x135082650>, in_tracers=(Traced<ShapedArray(float32[16,256,9]):JaxprTrace(level=2/0)>, Traced<ShapedArray(float32[256,9]):JaxprTrace(level=2/0)>), out_tracer_refs=[<weakref at 0x135244f90; to 'JaxprTracer' at 0x135244b30>], out_avals=[ShapedArray(float32[16,256,9])], primitive=pjit, params={'jaxpr': { lambda ; a:f32[16,256,9] b:f32[256,9]. let
    c:f32[1,256,9] = broadcast_in_dim[
      broadcast_dimensions=(1, 2)
      shape=(1, 256, 9)
    ] b
    d:f32[16,256,9] = add a c
  in (d,) }, 'in_shardings': (UnspecifiedValue, UnspecifiedValue), 'out_shardings': (UnspecifiedValue,), 'resource_env': None, 'donated_invars': (False, False), 'name': 'fn', 'keep_unused': False, 'inline': True}, effects=set(), source_info=SourceInfo(traceback=<jaxlib.xla_extension.Traceback object at 0x13524a5f0>, name_stack=NameStack(stack=(Transform(name='jvp'), Scope(name='AutoregressiveTransformerModel'))))), output=Traced<ShapedArray(float32[16,256,9])>with<JVPTrace(level=3/0)> with
  primal = Traced<ShapedArray(float32[16,256,9])>with<DynamicJaxprTrace(level=1/0)>
  tangent = Traced<ShapedArray(float32[16,256,9])>with<JaxprTrace(level=2/0)> with
    pval = (ShapedArray(float32[16,256,9]), None)
    recipe = JaxprEqnRecipe(eqn_id=<object object at 0x13d335a00>, in_tracers=(Traced<ShapedArray(float32[16,256,9]):JaxprTrace(level=2/0)>, Traced<ShapedArray(float32[1,1,9]):JaxprTrace(level=2/0)>), out_tracer_refs=[<weakref at 0x13d34fbd0; to 'JaxprTracer' at 0x13d34fb80>], out_avals=[ShapedArray(float32[16,256,9])], primitive=pjit, params={'jaxpr': { lambda ; a:f32[16,256,9] b:f32[1,1,9]. let c:f32[16,256,9] = add a b in (c,) }, 'in_shardings': (UnspecifiedValue, UnspecifiedValue), 'out_shardings': (UnspecifiedValue,), 'resource_env': None, 'donated_invars': (False, False), 'name': 'fn', 'keep_unused': False, 'inline': True}, effects=set(), source_info=SourceInfo(traceback=<jaxlib.xla_extension.Traceback object at 0x13d352530>, name_stack=NameStack(stack=(Transform(name='jvp'), Scope(name='AutoregressiveTransformerModel'), Scope(name='transformer'), Scope(name='LayerNorm_4')))))
decoded=Traced<ShapedArray(float32[16,256,256])>with<JVPTrace(level=3/0)> with
  primal = Traced<ShapedArray(float32[16,256,256])>with<DynamicJaxprTrace(level=1/0)>
  tangent = Traced<ShapedArray(float32[16,256,256])>with<JaxprTrace(level=2/0)> with
    pval = (ShapedArray(float32[16,256,256]), None)
    recipe = JaxprEqnRecipe(eqn_id=<object object at 0x13d335b10>, in_tracers=(Traced<ShapedArray(float32[16,256,256]):JaxprTrace(level=2/0)>, Traced<ShapedArray(float32[1,1,256]):JaxprTrace(level=2/0)>), out_tracer_refs=[<weakref at 0x13d358900; to 'JaxprTracer' at 0x13d3587c0>], out_avals=[ShapedArray(float32[16,256,256])], primitive=pjit, params={'jaxpr': { lambda ; a:f32[16,256,256] b:f32[1,1,256]. let
    c:f32[16,256,256] = add a b
  in (c,) }, 'in_shardings': (UnspecifiedValue, UnspecifiedValue), 'out_shardings': (UnspecifiedValue,), 'resource_env': None, 'donated_invars': (False, False), 'name': 'fn', 'keep_unused': False, 'inline': True}, effects=set(), source_info=SourceInfo(traceback=<jaxlib.xla_extension.Traceback object at 0x13d35d630>, name_stack=NameStack(stack=(Transform(name='jvp'), Scope(name='AutoregressiveTransformerModel'), Scope(name='dense__decode_transformer_output')))))
